# JRE version: OpenJDK Runtime Environment (8.0_112-b06) (build 1.8.0_112-release-b06)
# Java VM: OpenJDK 64-Bit Server VM (25.112-b06 mixed mode windows-amd64 compressed oops)
Heap:
 PSYoungGen      total 116736K, used 61846K [0x00000000e0000000, 0x00000000e7d80000, 0x0000000100000000)
  eden space 105472K, 51% used [0x00000000e0000000,0x00000000e34b16c0,0x00000000e6700000)
  from space 11264K, 70% used [0x00000000e7200000,0x00000000e79b4200,0x00000000e7d00000)
  to   space 11264K, 0% used [0x00000000e6700000,0x00000000e6700000,0x00000000e7200000)
 ParOldGen       total 82432K, used 14194K [0x00000000a0000000, 0x00000000a5080000, 0x00000000e0000000)
  object space 82432K, 17% used [0x00000000a0000000,0x00000000a0ddc8d8,0x00000000a5080000)
 Metaspace       used 42847K, capacity 43774K, committed 43904K, reserved 1087488K
  class space    used 5759K, capacity 6009K, committed 6016K, reserved 1048576K
GC Heap History (10 events):
Event: 12.741 GC heap before
{Heap before GC invocations=8 (full 1):
 PSYoungGen      total 59904K, used 55775K [0x00000000e0000000, 0x00000000e4580000, 0x0000000100000000)
  eden space 49664K, 100% used [0x00000000e0000000,0x00000000e3080000,0x00000000e3080000)
  from space 10240K, 59% used [0x00000000e3b80000,0x00000000e4177e68,0x00000000e4580000)
  to   space 10752K, 0% used [0x00000000e3080000,0x00000000e3080000,0x00000000e3b00000)
 ParOldGen       total 65024K, used 9461K [0x00000000a0000000, 0x00000000a3f80000, 0x00000000e0000000)
  object space 65024K, 14% used [0x00000000a0000000,0x00000000a093d730,0x00000000a3f80000)
 Metaspace       used 29759K, capacity 30352K, committed 30464K, reserved 1075200K
  class space    used 4069K, capacity 4242K, committed 4352K, reserved 1048576K
Event: 12.757 GC heap after
Heap after GC invocations=8 (full 1):
 PSYoungGen      total 60416K, used 6709K [0x00000000e0000000, 0x00000000e5e00000, 0x0000000100000000)
  eden space 49664K, 0% used [0x00000000e0000000,0x00000000e0000000,0x00000000e3080000)
  from space 10752K, 62% used [0x00000000e3080000,0x00000000e370d698,0x00000000e3b00000)
  to   space 10240K, 0% used [0x00000000e5400000,0x00000000e5400000,0x00000000e5e00000)
 ParOldGen       total 65024K, used 9469K [0x00000000a0000000, 0x00000000a3f80000, 0x00000000e0000000)
  object space 65024K, 14% used [0x00000000a0000000,0x00000000a093f730,0x00000000a3f80000)
 Metaspace       used 29759K, capacity 30352K, committed 30464K, reserved 1075200K
  class space    used 4069K, capacity 4242K, committed 4352K, reserved 1048576K
}
Event: 22.014 GC heap before
{Heap before GC invocations=9 (full 1):
 PSYoungGen      total 60416K, used 56373K [0x00000000e0000000, 0x00000000e5e00000, 0x0000000100000000)
  eden space 49664K, 100% used [0x00000000e0000000,0x00000000e3080000,0x00000000e3080000)
  from space 10752K, 62% used [0x00000000e3080000,0x00000000e370d698,0x00000000e3b00000)
  to   space 10240K, 0% used [0x00000000e5400000,0x00000000e5400000,0x00000000e5e00000)
 ParOldGen       total 65024K, used 9469K [0x00000000a0000000, 0x00000000a3f80000, 0x00000000e0000000)
  object space 65024K, 14% used [0x00000000a0000000,0x00000000a093f730,0x00000000a3f80000)
 Metaspace       used 33962K, capacity 34696K, committed 35072K, reserved 1079296K
  class space    used 4574K, capacity 4777K, committed 4864K, reserved 1048576K
Event: 22.028 GC heap after
Heap after GC invocations=9 (full 1):
 PSYoungGen      total 82944K, used 10177K [0x00000000e0000000, 0x00000000e5e00000, 0x0000000100000000)
  eden space 72704K, 0% used [0x00000000e0000000,0x00000000e0000000,0x00000000e4700000)
  from space 10240K, 99% used [0x00000000e5400000,0x00000000e5df04b8,0x00000000e5e00000)
  to   space 11264K, 0% used [0x00000000e4800000,0x00000000e4800000,0x00000000e5300000)
 ParOldGen       total 65024K, used 9549K [0x00000000a0000000, 0x00000000a3f80000, 0x00000000e0000000)
  object space 65024K, 14% used [0x00000000a0000000,0x00000000a0953740,0x00000000a3f80000)
 Metaspace       used 33962K, capacity 34696K, committed 35072K, reserved 1079296K
  class space    used 4574K, capacity 4777K, committed 4864K, reserved 1048576K
}
Event: 22.198 GC heap before
{Heap before GC invocations=10 (full 1):
 PSYoungGen      total 82944K, used 19777K [0x00000000e0000000, 0x00000000e5e00000, 0x0000000100000000)
  eden space 72704K, 13% used [0x00000000e0000000,0x00000000e09602d0,0x00000000e4700000)
  from space 10240K, 99% used [0x00000000e5400000,0x00000000e5df04b8,0x00000000e5e00000)
  to   space 11264K, 0% used [0x00000000e4800000,0x00000000e4800000,0x00000000e5300000)
 ParOldGen       total 65024K, used 9549K [0x00000000a0000000, 0x00000000a3f80000, 0x00000000e0000000)
  object space 65024K, 14% used [0x00000000a0000000,0x00000000a0953740,0x00000000a3f80000)
 Metaspace       used 34563K, capacity 35276K, committed 35496K, reserved 1079296K
  class space    used 4659K, capacity 4845K, committed 4864K, reserved 1048576K
Event: 22.209 GC heap after
Heap after GC invocations=10 (full 1):
 PSYoungGen      total 84992K, used 7716K [0x00000000e0000000, 0x00000000e7d00000, 0x0000000100000000)
  eden space 73728K, 0% used [0x00000000e0000000,0x00000000e0000000,0x00000000e4800000)
  from space 11264K, 68% used [0x00000000e4800000,0x00000000e4f893b8,0x00000000e5300000)
  to   space 11264K, 0% used [0x00000000e7200000,0x00000000e7200000,0x00000000e7d00000)
 ParOldGen       total 65024K, used 9557K [0x00000000a0000000, 0x00000000a3f80000, 0x00000000e0000000)
  object space 65024K, 14% used [0x00000000a0000000,0x00000000a0955740,0x00000000a3f80000)
 Metaspace       used 34563K, capacity 35276K, committed 35496K, reserved 1079296K
  class space    used 4659K, capacity 4845K, committed 4864K, reserved 1048576K
}
Event: 22.209 GC heap before
{Heap before GC invocations=11 (full 2):
 PSYoungGen      total 84992K, used 7716K [0x00000000e0000000, 0x00000000e7d00000, 0x0000000100000000)
  eden space 73728K, 0% used [0x00000000e0000000,0x00000000e0000000,0x00000000e4800000)
  from space 11264K, 68% used [0x00000000e4800000,0x00000000e4f893b8,0x00000000e5300000)
  to   space 11264K, 0% used [0x00000000e7200000,0x00000000e7200000,0x00000000e7d00000)
 ParOldGen       total 65024K, used 9557K [0x00000000a0000000, 0x00000000a3f80000, 0x00000000e0000000)
  object space 65024K, 14% used [0x00000000a0000000,0x00000000a0955740,0x00000000a3f80000)
 Metaspace       used 34563K, capacity 35276K, committed 35496K, reserved 1079296K
  class space    used 4659K, capacity 4845K, committed 4864K, reserved 1048576K
Event: 22.310 GC heap after
Heap after GC invocations=11 (full 2):
 PSYoungGen      total 84992K, used 0K [0x00000000e0000000, 0x00000000e7d00000, 0x0000000100000000)
  eden space 73728K, 0% used [0x00000000e0000000,0x00000000e0000000,0x00000000e4800000)
  from space 11264K, 0% used [0x00000000e4800000,0x00000000e4800000,0x00000000e5300000)
  to   space 11264K, 0% used [0x00000000e7200000,0x00000000e7200000,0x00000000e7d00000)
 ParOldGen       total 82432K, used 14186K [0x00000000a0000000, 0x00000000a5080000, 0x00000000e0000000)
  object space 82432K, 17% used [0x00000000a0000000,0x00000000a0dda8d8,0x00000000a5080000)
 Metaspace       used 34563K, capacity 35276K, committed 35496K, reserved 1079296K
  class space    used 4659K, capacity 4845K, committed 4864K, reserved 1048576K
}
Event: 23.668 GC heap before
{Heap before GC invocations=12 (full 2):
 PSYoungGen      total 84992K, used 73728K [0x00000000e0000000, 0x00000000e7d00000, 0x0000000100000000)
  eden space 73728K, 100% used [0x00000000e0000000,0x00000000e4800000,0x00000000e4800000)
  from space 11264K, 0% used [0x00000000e4800000,0x00000000e4800000,0x00000000e5300000)
  to   space 11264K, 0% used [0x00000000e7200000,0x00000000e7200000,0x00000000e7d00000)
 ParOldGen       total 82432K, used 14186K [0x00000000a0000000, 0x00000000a5080000, 0x00000000e0000000)
  object space 82432K, 17% used [0x00000000a0000000,0x00000000a0dda8d8,0x00000000a5080000)
 Metaspace       used 37932K, capacity 38744K, committed 38912K, reserved 1083392K
  class space    used 5083K, capacity 5326K, committed 5376K, reserved 1048576K
Event: 23.687 GC heap after
Heap after GC invocations=12 (full 2):
 PSYoungGen      total 116736K, used 7888K [0x00000000e0000000, 0x00000000e7d80000, 0x0000000100000000)
  eden space 105472K, 0% used [0x00000000e0000000,0x00000000e0000000,0x00000000e6700000)
  from space 11264K, 70% used [0x00000000e7200000,0x00000000e79b4200,0x00000000e7d00000)
  to   space 11264K, 0% used [0x00000000e6700000,0x00000000e6700000,0x00000000e7200000)
 ParOldGen       total 82432K, used 14194K [0x00000000a0000000, 0x00000000a5080000, 0x00000000e0000000)
  object space 82432K, 17% used [0x00000000a0000000,0x00000000a0ddc8d8,0x00000000a5080000)
 Metaspace       used 37932K, capacity 38744K, committed 38912K, reserved 1083392K
  class space    used 5083K, capacity 5326K, committed 5376K, reserved 1048576K
}

